<?xml version="1.0" encoding="UTF-8"?>
<testsuite name="JUnit Platform Suite" tests="0" skipped="0" failures="0" errors="0" time="0" hostname="csci-odin.cs.uga.edu" timestamp="2022-11-09T16:49:03">
<properties>
<property name="file.encoding" value="UTF-8"/>
<property name="file.separator" value="/"/>
<property name="java.class.path" value="/usr/local/mepcott/junit/junit.jar"/>
<property name="java.class.version" value="61.0"/>
<property name="java.home" value="/usr/local/mepcott/jdk/jdk-17.0.4.1"/>
<property name="java.io.tmpdir" value="/tmp"/>
<property name="java.library.path" value="/usr/java/packages/lib:/usr/lib64:/lib64:/lib:/usr/lib"/>
<property name="java.runtime.name" value="Java(TM) SE Runtime Environment"/>
<property name="java.runtime.version" value="17.0.4.1+1-LTS-2"/>
<property name="java.specification.name" value="Java Platform API Specification"/>
<property name="java.specification.vendor" value="Oracle Corporation"/>
<property name="java.specification.version" value="17"/>
<property name="java.vendor" value="Oracle Corporation"/>
<property name="java.vendor.url" value="https://java.oracle.com/"/>
<property name="java.vendor.url.bug" value="https://bugreport.java.com/bugreport/"/>
<property name="java.version" value="17.0.4.1"/>
<property name="java.version.date" value="2022-08-18"/>
<property name="java.vm.compressedOopsMode" value="Zero based"/>
<property name="java.vm.info" value="mixed mode, sharing"/>
<property name="java.vm.name" value="Java HotSpot(TM) 64-Bit Server VM"/>
<property name="java.vm.specification.name" value="Java Virtual Machine Specification"/>
<property name="java.vm.specification.vendor" value="Oracle Corporation"/>
<property name="java.vm.specification.version" value="17"/>
<property name="java.vm.vendor" value="Oracle Corporation"/>
<property name="java.vm.version" value="17.0.4.1+1-LTS-2"/>
<property name="jdk.debug" value="release"/>
<property name="line.separator" value="
"/>
<property name="native.encoding" value="UTF-8"/>
<property name="os.arch" value="amd64"/>
<property name="os.name" value="Linux"/>
<property name="os.version" value="3.10.0-1160.42.2.el7.x86_64"/>
<property name="path.separator" value=":"/>
<property name="sun.arch.data.model" value="64"/>
<property name="sun.boot.library.path" value="/usr/local/mepcott/jdk/jdk-17.0.4.1/lib"/>
<property name="sun.cpu.endian" value="little"/>
<property name="sun.io.unicode.encoding" value="UnicodeLittle"/>
<property name="sun.java.command" value="/usr/local/mepcott/junit/junit.jar -cp bin:phase2.jar:/usr/local/mepcott/cs1302/phased/tests1.jar --disable-banner --details=tree --reports-dir=reports -E junit-vintage -c cs1302.adt.LinkedStringListTests"/>
<property name="sun.java.launcher" value="SUN_STANDARD"/>
<property name="sun.jnu.encoding" value="UTF-8"/>
<property name="sun.management.compiler" value="HotSpot 64-Bit Tiered Compilers"/>
<property name="sun.stderr.encoding" value="UTF-8"/>
<property name="sun.stdout.encoding" value="UTF-8"/>
<property name="user.country" value="US"/>
<property name="user.dir" value="/home/myid/kjs31537/cs1302-phased-list2"/>
<property name="user.home" value="/home/myid/kjs31537"/>
<property name="user.language" value="en"/>
<property name="user.name" value="kjs31537"/>
<property name="user.timezone" value="America/New_York"/>
</properties>
<system-out><![CDATA[
unique-id: [engine:junit-platform-suite]
display-name: JUnit Platform Suite
]]></system-out>
</testsuite>
